#
# There is insufficient memory for the Java Runtime Environment to continue.
# Native memory allocation (mmap) failed to map 65536 bytes for Failed to commit metaspace.
# Possible reasons:
#   The system is out of physical RAM or swap space
#   The process is running with CompressedOops enabled, and the Java Heap may be blocking the growth of the native heap
# Possible solutions:
#   Reduce memory load on the system
#   Increase physical memory or swap space
#   Check if swap backing store is full
#   Decrease Java heap size (-Xmx/-Xms)
#   Decrease number of Java threads
#   Decrease Java thread stack sizes (-Xss)
#   Set larger code cache with -XX:ReservedCodeCacheSize=
#   JVM is running with Unscaled Compressed Oops mode in which the Java heap is
#     placed in the first 4GB address space. The Java Heap base address is the
#     maximum limit for the native heap growth. Please use -XX:HeapBaseMinAddress
#     to set the Java Heap base and to place the Java Heap above 4GB virtual address.
# This output file may be truncated or incomplete.
#
#  Out of Memory Error (virtualSpaceNode.cpp:110), pid=10328, tid=3132
#
# JRE version: OpenJDK Runtime Environment JBR-17.0.4.1+7-469.62-jcef (17.0.4.1+7) (build 17.0.4.1+7-b469.62)
# Java VM: OpenJDK 64-Bit Server VM JBR-17.0.4.1+7-469.62-jcef (17.0.4.1+7-b469.62, mixed mode, tiered, compressed oops, compressed class ptrs, g1 gc, windows-amd64)
# No core dump will be written. Minidumps are not enabled by default on client versions of Windows
#

---------------  S U M M A R Y ------------

Command Line: git4idea.http.GitAskPassApp Username for 'https://github.com': 

Host: Intel(R) Core(TM) i3-3120M CPU @ 2.50GHz, 4 cores, 3G,  Windows 10 , 64 bit Build 19041 (10.0.19041.1566)
Time: Sat Oct 29 00:31:46 2022  Windows 10 , 64 bit Build 19041 (10.0.19041.1566) elapsed time: 5.188733 seconds (0d 0h 0m 5s)

---------------  T H R E A D  ---------------

Current thread (0x00000212b3d92720):  JavaThread "main" [_thread_in_vm, id=3132, stack(0x0000007527b00000,0x0000007527c00000)]

Stack: [0x0000007527b00000,0x0000007527c00000]
Native frames: (J=compiled Java code, j=interpreted, Vv=VM code, C=native code)
V  [jvm.dll+0x68356a]
V  [jvm.dll+0x83fab4]
V  [jvm.dll+0x84125e]
V  [jvm.dll+0x8418c3]
V  [jvm.dll+0x249735]
V  [jvm.dll+0x83bb0b]
V  [jvm.dll+0x627a06]
V  [jvm.dll+0x627a6a]
V  [jvm.dll+0x62a27a]
V  [jvm.dll+0x6283a6]
V  [jvm.dll+0x23d72f]
V  [jvm.dll+0x6321f5]
V  [jvm.dll+0x1ed77b]
V  [jvm.dll+0x1edcb5]
V  [jvm.dll+0x1ee5d4]
V  [jvm.dll+0x1e3b1c]
V  [jvm.dll+0x547dad]
V  [jvm.dll+0x1f443b]
V  [jvm.dll+0x7b996b]
V  [jvm.dll+0x7badb2]
V  [jvm.dll+0x7bb0e8]
V  [jvm.dll+0x2414ce]
V  [jvm.dll+0x3843de]
C  0x00000212b750b664

Java frames: (J=compiled Java code, j=interpreted, Vv=VM code)
j  java.util.stream.StreamOpFlag.set(Ljava/util/stream/StreamOpFlag$Type;)Ljava/util/stream/StreamOpFlag$MaskBuilder;+4 java.base@17.0.4.1
j  java.util.stream.StreamOpFlag.<clinit>()V+11 java.base@17.0.4.1
v  ~StubRoutines::call_stub
j  java.util.stream.StreamSupport.stream(Ljava/util/Spliterator;Z)Ljava/util/stream/Stream;+11 java.base@17.0.4.1
j  java.util.Collection.stream()Ljava/util/stream/Stream;+7 java.base@17.0.4.1
j  java.lang.ModuleLayer.layers(Ljava/lang/ClassLoader;)Ljava/util/stream/Stream;+16 java.base@17.0.4.1
j  java.lang.System$2.layers(Ljava/lang/ClassLoader;)Ljava/util/stream/Stream;+1 java.base@17.0.4.1
j  java.util.ServiceLoader$ModuleServicesLookupIterator.iteratorFor(Ljava/lang/ClassLoader;)Ljava/util/Iterator;+75 java.base@17.0.4.1
j  java.util.ServiceLoader$ModuleServicesLookupIterator.<init>(Ljava/util/ServiceLoader;)V+23 java.base@17.0.4.1
j  java.util.ServiceLoader.newLookupIterator()Ljava/util/Iterator;+49 java.base@17.0.4.1
j  java.util.ServiceLoader.iterator()Ljava/util/Iterator;+9 java.base@17.0.4.1
j  java.net.URL$1.<init>()V+29 java.base@17.0.4.1
j  java.net.URL.providers()Ljava/util/Iterator;+4 java.base@17.0.4.1
j  java.net.URL$2.run()Ljava/net/URLStreamHandler;+0 java.base@17.0.4.1
j  java.net.URL$2.run()Ljava/lang/Object;+1 java.base@17.0.4.1
j  java.security.AccessController.executePrivileged(Ljava/security/PrivilegedAction;Ljava/security/AccessControlContext;Ljava/lang/Class;)Ljava/lang/Object;+29 java.base@17.0.4.1
j  java.security.AccessController.doPrivileged(Ljava/security/PrivilegedAction;)Ljava/lang/Object;+5 java.base@17.0.4.1
j  java.net.URL.lookupViaProviders(Ljava/lang/String;)Ljava/net/URLStreamHandler;+37 java.base@17.0.4.1
j  java.net.URL.getURLStreamHandler(Ljava/lang/String;)Ljava/net/URLStreamHandler;+68 java.base@17.0.4.1
j  java.net.URL.<init>(Ljava/net/URL;Ljava/lang/String;Ljava/net/URLStreamHandler;)V+386 java.base@17.0.4.1
j  java.net.URL.<init>(Ljava/net/URL;Ljava/lang/String;)V+4 java.base@17.0.4.1
j  java.net.URL.<init>(Ljava/lang/String;)V+3 java.base@17.0.4.1
j  org.apache.xmlrpc.XmlRpcClient.<init>(Ljava/lang/String;I)V+38
j  org.apache.xmlrpc.XmlRpcClientLite.<init>(Ljava/lang/String;I)V+3
j  externalApp.ExternalAppUtil.sendXmlRequest(Ljava/lang/String;I[Ljava/lang/Object;)Ljava/lang/Object;+23
j  git4idea.http.GitAskPassApp.main([Ljava/lang/String;)V+46
v  ~StubRoutines::call_stub

---------------  P R O C E S S  ---------------

Threads class SMR info:
_java_thread_list=0x00000212cba58ca0, length=12, elements={
0x00000212b3d92720, 0x00000212caeae730, 0x00000212caeb01c0, 0x00000212caeef1b0,
0x00000212caeef970, 0x00000212caef0340, 0x00000212caef0900, 0x00000212caf12150,
0x00000212caf12710, 0x00000212caf14d20, 0x00000212cba57800, 0x00000212cba68b60
}

Java Threads: ( => current thread )
=>0x00000212b3d92720 JavaThread "main" [_thread_in_vm, id=3132, stack(0x0000007527b00000,0x0000007527c00000)]
  0x00000212caeae730 JavaThread "Reference Handler" daemon [_thread_blocked, id=7984, stack(0x0000007528200000,0x0000007528300000)]
  0x00000212caeb01c0 JavaThread "Finalizer" daemon [_thread_blocked, id=4936, stack(0x0000007528300000,0x0000007528400000)]
  0x00000212caeef1b0 JavaThread "Signal Dispatcher" daemon [_thread_blocked, id=10736, stack(0x0000007528400000,0x0000007528500000)]
  0x00000212caeef970 JavaThread "Attach Listener" daemon [_thread_blocked, id=10884, stack(0x0000007528500000,0x0000007528600000)]
  0x00000212caef0340 JavaThread "Service Thread" daemon [_thread_blocked, id=8328, stack(0x0000007528600000,0x0000007528700000)]
  0x00000212caef0900 JavaThread "Monitor Deflation Thread" daemon [_thread_blocked, id=4336, stack(0x0000007528700000,0x0000007528800000)]
  0x00000212caf12150 JavaThread "C2 CompilerThread0" daemon [_thread_blocked, id=3112, stack(0x0000007528800000,0x0000007528900000)]
  0x00000212caf12710 JavaThread "C1 CompilerThread0" daemon [_thread_blocked, id=11140, stack(0x0000007528900000,0x0000007528a00000)]
  0x00000212caf14d20 JavaThread "Sweeper thread" daemon [_thread_blocked, id=3332, stack(0x0000007528a00000,0x0000007528b00000)]
  0x00000212cba57800 JavaThread "Notification Thread" daemon [_thread_blocked, id=8984, stack(0x0000007528b00000,0x0000007528c00000)]
  0x00000212cba68b60 JavaThread "Common-Cleaner" daemon [_thread_blocked, id=6280, stack(0x0000007528d00000,0x0000007528e00000)]

Other Threads:
  0x00000212b3e5ea10 VMThread "VM Thread" [stack: 0x0000007528100000,0x0000007528200000] [id=3864] _threads_hazard_ptr=0x00000212cba58ca0
  0x00000212caf3ed10 WatcherThread [stack: 0x0000007528c00000,0x0000007528d00000] [id=6504]
  0x00000212b3dcc130 GCTaskThread "GC Thread#0" [stack: 0x0000007527c00000,0x0000007527d00000] [id=10364]
  0x00000212b3dd4cf0 ConcurrentGCThread "G1 Main Marker" [stack: 0x0000007527d00000,0x0000007527e00000] [id=8340]
  0x00000212b3dd5710 ConcurrentGCThread "G1 Conc#0" [stack: 0x0000007527e00000,0x0000007527f00000] [id=10644]
  0x00000212b3e25940 ConcurrentGCThread "G1 Refine#0" [stack: 0x0000007527f00000,0x0000007528000000] [id=3084]
  0x00000212b3e27f80 ConcurrentGCThread "G1 Service" [stack: 0x0000007528000000,0x0000007528100000] [id=236]

Threads with active compile tasks:

VM state: synchronizing (normal execution)

VM Mutex/Monitor currently owned by a thread:  ([mutex/lock_event])
[0x00000212b3d8b400] Metaspace_lock - owner thread: 0x00000212b3d92720
[0x00000212b3d8cec0] Threads_lock - owner thread: 0x00000212b3e5ea10

Heap address: 0x00000000c1c00000, size: 996 MB, Compressed Oops mode: 32-bit

CDS archive(s) not mapped
Compressed class space mapped at: 0x0000000100000000-0x0000000140000000, reserved size: 1073741824
Narrow klass base: 0x0000000000000000, Narrow klass shift: 3, Narrow klass range: 0x140000000

GC Precious Log:
 CPUs: 4 total, 4 available
 Memory: 3976M
 Large Page Support: Disabled
 NUMA Support: Disabled
 Compressed Oops: Enabled (32-bit)
 Heap Region Size: 1M
 Heap Min Capacity: 8M
 Heap Initial Capacity: 64M
 Heap Max Capacity: 996M
 Pre-touch: Disabled
 Parallel Workers: 4
 Concurrent Workers: 1
 Concurrent Refinement Workers: 4
 Periodic GC: Disabled

Heap:
 garbage-first heap   total 65536K, used 13312K [0x00000000c1c00000, 0x0000000100000000)
  region size 1024K, 2 young (2048K), 0 survivors (0K)
 Metaspace       used 6042K, committed 6144K, reserved 1056768K
  class space    used 509K, committed 576K, reserved 1048576K

Heap Regions: E=young(eden), S=young(survivor), O=old, HS=humongous(starts), HC=humongous(continues), CS=collection set, F=free, OA=open archive, CA=closed archive, TAMS=top-at-mark-start (previous, next)
|   0|0x00000000c1c00000, 0x00000000c1d00000, 0x00000000c1d00000|100%|HS|  |TAMS 0x00000000c1c00000, 0x00000000c1c00000| Complete 
|   1|0x00000000c1d00000, 0x00000000c1e00000, 0x00000000c1e00000|100%|HC|  |TAMS 0x00000000c1d00000, 0x00000000c1d00000| Complete 
|   2|0x00000000c1e00000, 0x00000000c1f00000, 0x00000000c1f00000|100%|HC|  |TAMS 0x00000000c1e00000, 0x00000000c1e00000| Complete 
|   3|0x00000000c1f00000, 0x00000000c2000000, 0x00000000c2000000|100%|HC|  |TAMS 0x00000000c1f00000, 0x00000000c1f00000| Complete 
|   4|0x00000000c2000000, 0x00000000c2100000, 0x00000000c2100000|100%|HC|  |TAMS 0x00000000c2000000, 0x00000000c2000000| Complete 
|   5|0x00000000c2100000, 0x00000000c2200000, 0x00000000c2200000|100%|HC|  |TAMS 0x00000000c2100000, 0x00000000c2100000| Complete 
|   6|0x00000000c2200000, 0x00000000c2300000, 0x00000000c2300000|100%|HC|  |TAMS 0x00000000c2200000, 0x00000000c2200000| Complete 
|   7|0x00000000c2300000, 0x00000000c2400000, 0x00000000c2400000|100%|HC|  |TAMS 0x00000000c2300000, 0x00000000c2300000| Complete 
|   8|0x00000000c2400000, 0x00000000c2500000, 0x00000000c2500000|100%|HC|  |TAMS 0x00000000c2400000, 0x00000000c2400000| Complete 
|   9|0x00000000c2500000, 0x00000000c2600000, 0x00000000c2600000|100%|HC|  |TAMS 0x00000000c2500000, 0x00000000c2500000| Complete 
|  10|0x00000000c2600000, 0x00000000c2700000, 0x00000000c2700000|100%|HS|  |TAMS 0x00000000c2600000, 0x00000000c2600000| Complete 
|  11|0x00000000c2700000, 0x00000000c2800000, 0x00000000c2800000|100%|HC|  |TAMS 0x00000000c2700000, 0x00000000c2700000| Complete 
|  12|0x00000000c2800000, 0x00000000c2800000, 0x00000000c2900000|  0%| F|  |TAMS 0x00000000c2800000, 0x00000000c2800000| Untracked 
|  13|0x00000000c2900000, 0x00000000c2900000, 0x00000000c2a00000|  0%| F|  |TAMS 0x00000000c2900000, 0x00000000c2900000| Untracked 
|  14|0x00000000c2a00000, 0x00000000c2a00000, 0x00000000c2b00000|  0%| F|  |TAMS 0x00000000c2a00000, 0x00000000c2a00000| Untracked 
|  15|0x00000000c2b00000, 0x00000000c2b00000, 0x00000000c2c00000|  0%| F|  |TAMS 0x00000000c2b00000, 0x00000000c2b00000| Untracked 
|  16|0x00000000c2c00000, 0x00000000c2c00000, 0x00000000c2d00000|  0%| F|  |TAMS 0x00000000c2c00000, 0x00000000c2c00000| Untracked 
|  17|0x00000000c2d00000, 0x00000000c2d00000, 0x00000000c2e00000|  0%| F|  |TAMS 0x00000000c2d00000, 0x00000000c2d00000| Untracked 
|  18|0x00000000c2e00000, 0x00000000c2e00000, 0x00000000c2f00000|  0%| F|  |TAMS 0x00000000c2e00000, 0x00000000c2e00000| Untracked 
|  19|0x00000000c2f00000, 0x00000000c2f00000, 0x00000000c3000000|  0%| F|  |TAMS 0x00000000c2f00000, 0x00000000c2f00000| Untracked 
|  20|0x00000000c3000000, 0x00000000c3000000, 0x00000000c3100000|  0%| F|  |TAMS 0x00000000c3000000, 0x00000000c3000000| Untracked 
|  21|0x00000000c3100000, 0x00000000c3100000, 0x00000000c3200000|  0%| F|  |TAMS 0x00000000c3100000, 0x00000000c3100000| Untracked 
|  22|0x00000000c3200000, 0x00000000c3200000, 0x00000000c3300000|  0%| F|  |TAMS 0x00000000c3200000, 0x00000000c3200000| Untracked 
|  23|0x00000000c3300000, 0x00000000c3300000, 0x00000000c3400000|  0%| F|  |TAMS 0x00000000c3300000, 0x00000000c3300000| Untracked 
|  24|0x00000000c3400000, 0x00000000c3400000, 0x00000000c3500000|  0%| F|  |TAMS 0x00000000c3400000, 0x00000000c3400000| Untracked 
|  25|0x00000000c3500000, 0x00000000c3500000, 0x00000000c3600000|  0%| F|  |TAMS 0x00000000c3500000, 0x00000000c3500000| Untracked 
|  26|0x00000000c3600000, 0x00000000c3600000, 0x00000000c3700000|  0%| F|  |TAMS 0x00000000c3600000, 0x00000000c3600000| Untracked 
|  27|0x00000000c3700000, 0x00000000c3700000, 0x00000000c3800000|  0%| F|  |TAMS 0x00000000c3700000, 0x00000000c3700000| Untracked 
|  28|0x00000000c3800000, 0x00000000c3800000, 0x00000000c3900000|  0%| F|  |TAMS 0x00000000c3800000, 0x00000000c3800000| Untracked 
|  29|0x00000000c3900000, 0x00000000c3900000, 0x00000000c3a00000|  0%| F|  |TAMS 0x00000000c3900000, 0x00000000c3900000| Untracked 
|  30|0x00000000c3a00000, 0x00000000c3a00000, 0x00000000c3b00000|  0%| F|  |TAMS 0x00000000c3a00000, 0x00000000c3a00000| Untracked 
|  31|0x00000000c3b00000, 0x00000000c3b00000, 0x00000000c3c00000|  0%| F|  |TAMS 0x00000000c3b00000, 0x00000000c3b00000| Untracked 
|  32|0x00000000c3c00000, 0x00000000c3c00000, 0x00000000c3d00000|  0%| F|  |TAMS 0x00000000c3c00000, 0x00000000c3c00000| Untracked 
|  33|0x00000000c3d00000, 0x00000000c3d00000, 0x00000000c3e00000|  0%| F|  |TAMS 0x00000000c3d00000, 0x00000000c3d00000| Untracked 
|  34|0x00000000c3e00000, 0x00000000c3e00000, 0x00000000c3f00000|  0%| F|  |TAMS 0x00000000c3e00000, 0x00000000c3e00000| Untracked 
|  35|0x00000000c3f00000, 0x00000000c3f00000, 0x00000000c4000000|  0%| F|  |TAMS 0x00000000c3f00000, 0x00000000c3f00000| Untracked 
|  36|0x00000000c4000000, 0x00000000c4000000, 0x00000000c4100000|  0%| F|  |TAMS 0x00000000c4000000, 0x00000000c4000000| Untracked 
|  37|0x00000000c4100000, 0x00000000c4100000, 0x00000000c4200000|  0%| F|  |TAMS 0x00000000c4100000, 0x00000000c4100000| Untracked 
|  38|0x00000000c4200000, 0x00000000c4200000, 0x00000000c4300000|  0%| F|  |TAMS 0x00000000c4200000, 0x00000000c4200000| Untracked 
|  39|0x00000000c4300000, 0x00000000c4300000, 0x00000000c4400000|  0%| F|  |TAMS 0x00000000c4300000, 0x00000000c4300000| Untracked 
|  40|0x00000000c4400000, 0x00000000c4400000, 0x00000000c4500000|  0%| F|  |TAMS 0x00000000c4400000, 0x00000000c4400000| Untracked 
|  41|0x00000000c4500000, 0x00000000c4500000, 0x00000000c4600000|  0%| F|  |TAMS 0x00000000c4500000, 0x00000000c4500000| Untracked 
|  42|0x00000000c4600000, 0x00000000c4600000, 0x00000000c4700000|  0%| F|  |TAMS 0x00000000c4600000, 0x00000000c4600000| Untracked 
|  43|0x00000000c4700000, 0x00000000c4700000, 0x00000000c4800000|  0%| F|  |TAMS 0x00000000c4700000, 0x00000000c4700000| Untracked 
|  44|0x00000000c4800000, 0x00000000c4800000, 0x00000000c4900000|  0%| F|  |TAMS 0x00000000c4800000, 0x00000000c4800000| Untracked 
|  45|0x00000000c4900000, 0x00000000c4900000, 0x00000000c4a00000|  0%| F|  |TAMS 0x00000000c4900000, 0x00000000c4900000| Untracked 
|  46|0x00000000c4a00000, 0x00000000c4a00000, 0x00000000c4b00000|  0%| F|  |TAMS 0x00000000c4a00000, 0x00000000c4a00000| Untracked 
|  47|0x00000000c4b00000, 0x00000000c4b00000, 0x00000000c4c00000|  0%| F|  |TAMS 0x00000000c4b00000, 0x00000000c4b00000| Untracked 
|  48|0x00000000c4c00000, 0x00000000c4c00000, 0x00000000c4d00000|  0%| F|  |TAMS 0x00000000c4c00000, 0x00000000c4c00000| Untracked 
|  49|0x00000000c4d00000, 0x00000000c4d00000, 0x00000000c4e00000|  0%| F|  |TAMS 0x00000000c4d00000, 0x00000000c4d00000| Untracked 
|  50|0x00000000c4e00000, 0x00000000c4e00000, 0x00000000c4f00000|  0%| F|  |TAMS 0x00000000c4e00000, 0x00000000c4e00000| Untracked 
|  51|0x00000000c4f00000, 0x00000000c4f00000, 0x00000000c5000000|  0%| F|  |TAMS 0x00000000c4f00000, 0x00000000c4f00000| Untracked 
|  52|0x00000000c5000000, 0x00000000c5000000, 0x00000000c5100000|  0%| F|  |TAMS 0x00000000c5000000, 0x00000000c5000000| Untracked 
|  53|0x00000000c5100000, 0x00000000c5100000, 0x00000000c5200000|  0%| F|  |TAMS 0x00000000c5100000, 0x00000000c5100000| Untracked 
|  54|0x00000000c5200000, 0x00000000c5200000, 0x00000000c5300000|  0%| F|  |TAMS 0x00000000c5200000, 0x00000000c5200000| Untracked 
|  55|0x00000000c5300000, 0x00000000c5300000, 0x00000000c5400000|  0%| F|  |TAMS 0x00000000c5300000, 0x00000000c5300000| Untracked 
|  56|0x00000000c5400000, 0x00000000c5400000, 0x00000000c5500000|  0%| F|  |TAMS 0x00000000c5400000, 0x00000000c5400000| Untracked 
|  57|0x00000000c5500000, 0x00000000c5500000, 0x00000000c5600000|  0%| F|  |TAMS 0x00000000c5500000, 0x00000000c5500000| Untracked 
|  58|0x00000000c5600000, 0x00000000c5600000, 0x00000000c5700000|  0%| F|  |TAMS 0x00000000c5600000, 0x00000000c5600000| Untracked 
|  59|0x00000000c5700000, 0x00000000c5700000, 0x00000000c5800000|  0%| F|  |TAMS 0x00000000c5700000, 0x00000000c5700000| Untracked 
|  60|0x00000000c5800000, 0x00000000c5800000, 0x00000000c5900000|  0%| F|  |TAMS 0x00000000c5800000, 0x00000000c5800000| Untracked 
|  61|0x00000000c5900000, 0x00000000c5900000, 0x00000000c5a00000|  0%| F|  |TAMS 0x00000000c5900000, 0x00000000c5900000| Untracked 
|  62|0x00000000c5a00000, 0x00000000c5ab47d0, 0x00000000c5b00000| 70%| E|  |TAMS 0x00000000c5a00000, 0x00000000c5a00000| Complete 
|  63|0x00000000c5b00000, 0x00000000c5c00000, 0x00000000c5c00000|100%| E|CS|TAMS 0x00000000c5b00000, 0x00000000c5b00000| Complete 

Card table byte_map: [0x00000212c66f0000,0x00000212c68f0000] _byte_map_base: 0x00000212c60e2000

Marking Bits (Prev, Next): (CMBitMap*) 0x00000212b3dcc740, (CMBitMap*) 0x00000212b3dcc780
 Prev Bits: [0x00000212c6af0000, 0x00000212c7a80000)
 Next Bits: [0x00000212c7a80000, 0x00000212c8a10000)

Polling page: 0x00000212b1d30000

Metaspace:

Usage:
  Non-class:      5.40 MB used.
      Class:    509.94 KB used.
       Both:      5.90 MB used.

Virtual space:
  Non-class space:        8.00 MB reserved,       5.44 MB ( 68%) committed,  1 nodes.
      Class space:        1.00 GB reserved,     576.00 KB ( <1%) committed,  1 nodes.
             Both:        1.01 GB reserved,       6.00 MB ( <1%) committed. 

Chunk freelists:
   Non-Class:  2.47 MB
       Class:  3.25 MB
        Both:  5.72 MB

MaxMetaspaceSize: unlimited
CompressedClassSpaceSize: 1.00 GB
Initial GC threshold: 21.00 MB
Current GC threshold: 21.00 MB
CDS: off
MetaspaceReclaimPolicy: balanced
 - commit_granule_bytes: 65536.
 - commit_granule_words: 8192.
 - virtual_space_node_default_size: 1048576.
 - enlarge_chunks_in_place: 1.
 - new_chunks_are_fully_committed: 0.
 - uncommit_free_chunks: 1.
 - use_allocation_guard: 0.
 - handle_deallocations: 1.


Internal statistics:

num_allocs_failed_limit: 0.
num_arena_births: 6.
num_arena_deaths: 0.
num_vsnodes_births: 2.
num_vsnodes_deaths: 0.
num_space_committed: 96.
num_space_uncommitted: 0.
num_chunks_returned_to_freelist: 0.
num_chunks_taken_from_freelist: 21.
num_chunk_merges: 0.
num_chunk_splits: 8.
num_chunks_enlarged: 3.
num_purges: 0.
num_inconsistent_stats: 0.

CodeHeap 'non-profiled nmethods': size=120000Kb used=39Kb max_used=39Kb free=119960Kb
 bounds [0x00000212befc0000, 0x00000212bf230000, 0x00000212c64f0000]
CodeHeap 'profiled nmethods': size=120000Kb used=223Kb max_used=223Kb free=119776Kb
 bounds [0x00000212b7a90000, 0x00000212b7d00000, 0x00000212befc0000]
CodeHeap 'non-nmethods': size=5760Kb used=1090Kb max_used=1096Kb free=4669Kb
 bounds [0x00000212b74f0000, 0x00000212b7760000, 0x00000212b7a90000]
 total_blobs=514 nmethods=152 adapters=275
 compilation: enabled
              stopped_count=0, restarted_count=0
 full_count=0

Compilation events (20 events):
Event: 4.755 Thread 0x00000212caf12710  134       1       java.lang.Enum::ordinal (5 bytes)
Event: 4.755 Thread 0x00000212caf12710 nmethod 134 0x00000212befc7690 code [0x00000212befc7820, 0x00000212befc78f8]
Event: 4.756 Thread 0x00000212caf12710  136       1       java.lang.Class::getClassLoader0 (5 bytes)
Event: 4.756 Thread 0x00000212caf12710 nmethod 136 0x00000212befc7c90 code [0x00000212befc7e20, 0x00000212befc7ef8]
Event: 4.758 Thread 0x00000212caf12710  138       3       java.lang.String::substring (58 bytes)
Event: 4.759 Thread 0x00000212caf12710 nmethod 138 0x00000212b7ac4510 code [0x00000212b7ac4700, 0x00000212b7ac4ba8]
Event: 4.760 Thread 0x00000212caf12710  142       3       java.util.concurrent.ConcurrentHashMap::get (162 bytes)
Event: 4.761 Thread 0x00000212caf12710 nmethod 142 0x00000212b7ac4d90 code [0x00000212b7ac4fe0, 0x00000212b7ac5aa8]
Event: 4.761 Thread 0x00000212caf12710  144       3       java.lang.AbstractStringBuilder::putStringAt (12 bytes)
Event: 4.762 Thread 0x00000212caf12710 nmethod 144 0x00000212b7ac5d90 code [0x00000212b7ac5f40, 0x00000212b7ac6188]
Event: 4.762 Thread 0x00000212caf12710  145       3       java.lang.AbstractStringBuilder::putStringAt (34 bytes)
Event: 4.762 Thread 0x00000212caf12710 nmethod 145 0x00000212b7ac6310 code [0x00000212b7ac64e0, 0x00000212b7ac67f8]
Event: 4.763 Thread 0x00000212caf12150  147       4       java.lang.String::charAt (25 bytes)
Event: 4.765 Thread 0x00000212caf12150 nmethod 147 0x00000212befc9290 code [0x00000212befc9420, 0x00000212befc9508]
Event: 4.767 Thread 0x00000212caf12710  148       3       java.util.Arrays::copyOfRange (64 bytes)
Event: 4.768 Thread 0x00000212caf12710 nmethod 148 0x00000212b7ac6990 code [0x00000212b7ac6c00, 0x00000212b7ac74f8]
Event: 4.769 Thread 0x00000212caf12710  149       1       java.lang.invoke.MethodType::returnType (5 bytes)
Event: 4.770 Thread 0x00000212caf12710 nmethod 149 0x00000212befc9c10 code [0x00000212befc9da0, 0x00000212befc9e78]
Event: 5.002 Thread 0x00000212caf12710  152       3       java.lang.StringLatin1::lastIndexOf (40 bytes)
Event: 5.003 Thread 0x00000212caf12710 nmethod 152 0x00000212b7ac7890 code [0x00000212b7ac7a60, 0x00000212b7ac7e58]

GC Heap History (0 events):
No events

Deoptimization events (20 events):
Event: 4.342 Thread 0x00000212b3d92720 DEOPT PACKING pc=0x00000212b7aaa80c sp=0x0000007527bfa5e0
Event: 4.342 Thread 0x00000212b3d92720 DEOPT UNPACKING pc=0x00000212b7542b43 sp=0x0000007527bf9a70 mode 0
Event: 4.342 Thread 0x00000212b3d92720 DEOPT PACKING pc=0x00000212b7aaa80c sp=0x0000007527bfa5e0
Event: 4.343 Thread 0x00000212b3d92720 DEOPT UNPACKING pc=0x00000212b7542b43 sp=0x0000007527bf9a70 mode 0
Event: 4.343 Thread 0x00000212b3d92720 DEOPT PACKING pc=0x00000212b7aaa80c sp=0x0000007527bfa5e0
Event: 4.343 Thread 0x00000212b3d92720 DEOPT UNPACKING pc=0x00000212b7542b43 sp=0x0000007527bf9a70 mode 0
Event: 4.343 Thread 0x00000212b3d92720 DEOPT PACKING pc=0x00000212b7aaa80c sp=0x0000007527bfa5e0
Event: 4.343 Thread 0x00000212b3d92720 DEOPT UNPACKING pc=0x00000212b7542b43 sp=0x0000007527bf9a70 mode 0
Event: 4.343 Thread 0x00000212b3d92720 DEOPT PACKING pc=0x00000212b7aaa80c sp=0x0000007527bfa5e0
Event: 4.343 Thread 0x00000212b3d92720 DEOPT UNPACKING pc=0x00000212b7542b43 sp=0x0000007527bf9a70 mode 0
Event: 4.343 Thread 0x00000212b3d92720 DEOPT PACKING pc=0x00000212b7aaa80c sp=0x0000007527bfa5e0
Event: 4.343 Thread 0x00000212b3d92720 DEOPT UNPACKING pc=0x00000212b7542b43 sp=0x0000007527bf9a70 mode 0
Event: 4.343 Thread 0x00000212b3d92720 DEOPT PACKING pc=0x00000212b7aaa80c sp=0x0000007527bfa5e0
Event: 4.343 Thread 0x00000212b3d92720 DEOPT UNPACKING pc=0x00000212b7542b43 sp=0x0000007527bf9a70 mode 0
Event: 4.343 Thread 0x00000212b3d92720 DEOPT PACKING pc=0x00000212b7aaa80c sp=0x0000007527bfa5e0
Event: 4.343 Thread 0x00000212b3d92720 DEOPT UNPACKING pc=0x00000212b7542b43 sp=0x0000007527bf9a70 mode 0
Event: 4.345 Thread 0x00000212b3d92720 DEOPT PACKING pc=0x00000212b7aaa80c sp=0x0000007527bfa5e0
Event: 4.345 Thread 0x00000212b3d92720 DEOPT UNPACKING pc=0x00000212b7542b43 sp=0x0000007527bf9a70 mode 0
Event: 4.345 Thread 0x00000212b3d92720 DEOPT PACKING pc=0x00000212b7aaa80c sp=0x0000007527bfa5e0
Event: 4.345 Thread 0x00000212b3d92720 DEOPT UNPACKING pc=0x00000212b7542b43 sp=0x0000007527bf9a70 mode 0

Classes unloaded (0 events):
No events

Classes redefined (0 events):
No events

Internal exceptions (0 events):
No events

VM Operations (8 events):
Event: 1.056 Executing VM operation: Cleanup
Event: 1.056 Executing VM operation: Cleanup done
Event: 4.738 Executing VM operation: HandshakeAllThreads
Event: 4.739 Executing VM operation: HandshakeAllThreads done
Event: 4.739 Executing VM operation: Cleanup
Event: 4.739 Executing VM operation: Cleanup done
Event: 4.739 Executing VM operation: HandshakeAllThreads
Event: 4.739 Executing VM operation: HandshakeAllThreads done

Events (20 events):
Event: 5.005 loading class java/util/stream/StreamSupport done
Event: 5.005 loading class java/util/stream/ReferencePipeline$Head
Event: 5.005 loading class java/util/stream/ReferencePipeline
Event: 5.006 loading class java/util/stream/Stream
Event: 5.006 loading class java/util/stream/BaseStream
Event: 5.006 loading class java/util/stream/BaseStream done
Event: 5.006 loading class java/util/stream/Stream done
Event: 5.006 loading class java/util/stream/AbstractPipeline
Event: 5.006 loading class java/util/stream/PipelineHelper
Event: 5.007 loading class java/util/stream/PipelineHelper done
Event: 5.007 loading class java/util/stream/AbstractPipeline done
Event: 5.007 loading class java/util/stream/ReferencePipeline done
Event: 5.007 loading class java/util/stream/ReferencePipeline$Head done
Event: 5.007 loading class java/util/stream/StreamOpFlag
Event: 5.007 loading class java/util/stream/StreamOpFlag done
Event: 5.007 loading class java/util/stream/StreamOpFlag$Type
Event: 5.007 loading class java/util/stream/StreamOpFlag$Type done
Event: 5.007 loading class java/util/stream/StreamOpFlag$MaskBuilder
Event: 5.007 loading class java/util/stream/StreamOpFlag$MaskBuilder done
Event: 5.007 loading class java/util/EnumMap


Dynamic libraries:
0x00007ff66cd80000 - 0x00007ff66cd8a000 	C:\Program Files\JetBrains\IntelliJ IDEA Community Edition 2022.2.3\jbr\bin\java.exe
0x00007ffc57ad0000 - 0x00007ffc57cc5000 	C:\WINDOWS\SYSTEM32\ntdll.dll
0x00007ffc56050000 - 0x00007ffc5610e000 	C:\WINDOWS\System32\KERNEL32.DLL
0x00007ffc55790000 - 0x00007ffc55a58000 	C:\WINDOWS\System32\KERNELBASE.dll
0x00007ffc551f0000 - 0x00007ffc552f0000 	C:\WINDOWS\System32\ucrtbase.dll
0x00007ffc3f150000 - 0x00007ffc3f167000 	C:\Program Files\JetBrains\IntelliJ IDEA Community Edition 2022.2.3\jbr\bin\jli.dll
0x00007ffc3b400000 - 0x00007ffc3b41b000 	C:\Program Files\JetBrains\IntelliJ IDEA Community Edition 2022.2.3\jbr\bin\VCRUNTIME140.dll
0x00007ffc56340000 - 0x00007ffc564e0000 	C:\WINDOWS\System32\USER32.dll
0x00007ffc40400000 - 0x00007ffc4069a000 	C:\WINDOWS\WinSxS\amd64_microsoft.windows.common-controls_6595b64144ccf1df_6.0.19041.1110_none_60b5254171f9507e\COMCTL32.dll
0x00007ffc55760000 - 0x00007ffc55782000 	C:\WINDOWS\System32\win32u.dll
0x00007ffc56110000 - 0x00007ffc561ae000 	C:\WINDOWS\System32\msvcrt.dll
0x00007ffc55b30000 - 0x00007ffc55b5b000 	C:\WINDOWS\System32\GDI32.dll
0x00007ffc555c0000 - 0x00007ffc556cb000 	C:\WINDOWS\System32\gdi32full.dll
0x00007ffc55a90000 - 0x00007ffc55b2d000 	C:\WINDOWS\System32\msvcp_win.dll
0x00007ffc56230000 - 0x00007ffc56260000 	C:\WINDOWS\System32\IMM32.DLL
0x00007ffc4d010000 - 0x00007ffc4d01c000 	C:\Program Files\JetBrains\IntelliJ IDEA Community Edition 2022.2.3\jbr\bin\vcruntime140_1.dll
0x00007ffc26a20000 - 0x00007ffc26aad000 	C:\Program Files\JetBrains\IntelliJ IDEA Community Edition 2022.2.3\jbr\bin\msvcp140.dll
0x00007ffc24f60000 - 0x00007ffc25bc9000 	C:\Program Files\JetBrains\IntelliJ IDEA Community Edition 2022.2.3\jbr\bin\server\jvm.dll
0x00007ffc55fa0000 - 0x00007ffc5604e000 	C:\WINDOWS\System32\ADVAPI32.dll
0x00007ffc57970000 - 0x00007ffc57a0c000 	C:\WINDOWS\System32\sechost.dll
0x00007ffc564e0000 - 0x00007ffc56605000 	C:\WINDOWS\System32\RPCRT4.dll
0x00007ffc57a20000 - 0x00007ffc57a28000 	C:\WINDOWS\System32\PSAPI.DLL
0x00007ffc4d0b0000 - 0x00007ffc4d0b9000 	C:\WINDOWS\SYSTEM32\WSOCK32.dll
0x00007ffc44db0000 - 0x00007ffc44dd7000 	C:\WINDOWS\SYSTEM32\WINMM.dll
0x00007ffc4f610000 - 0x00007ffc4f61a000 	C:\WINDOWS\SYSTEM32\VERSION.dll
0x00007ffc568c0000 - 0x00007ffc5692b000 	C:\WINDOWS\System32\WS2_32.dll
0x00007ffc53100000 - 0x00007ffc53112000 	C:\WINDOWS\SYSTEM32\kernel.appcore.dll
0x00007ffc4cfe0000 - 0x00007ffc4cfea000 	C:\Program Files\JetBrains\IntelliJ IDEA Community Edition 2022.2.3\jbr\bin\jimage.dll
0x00007ffc4a220000 - 0x00007ffc4a404000 	C:\WINDOWS\SYSTEM32\DBGHELP.DLL
0x00007ffc49a20000 - 0x00007ffc49a4c000 	C:\WINDOWS\SYSTEM32\dbgcore.DLL
0x00007ffc556d0000 - 0x00007ffc55752000 	C:\WINDOWS\System32\bcryptPrimitives.dll
0x00007ffc3fb30000 - 0x00007ffc3fb55000 	C:\Program Files\JetBrains\IntelliJ IDEA Community Edition 2022.2.3\jbr\bin\java.dll
0x00007ffc3dc80000 - 0x00007ffc3dc98000 	C:\Program Files\JetBrains\IntelliJ IDEA Community Edition 2022.2.3\jbr\bin\zip.dll
0x00007ffc57170000 - 0x00007ffc578b4000 	C:\WINDOWS\System32\SHELL32.dll
0x00007ffc53300000 - 0x00007ffc53a94000 	C:\WINDOWS\SYSTEM32\windows.storage.dll
0x00007ffc56e00000 - 0x00007ffc57154000 	C:\WINDOWS\System32\combase.dll
0x00007ffc54be0000 - 0x00007ffc54c0c000 	C:\WINDOWS\SYSTEM32\Wldp.dll
0x00007ffc566f0000 - 0x00007ffc5679d000 	C:\WINDOWS\System32\SHCORE.dll
0x00007ffc56670000 - 0x00007ffc566c5000 	C:\WINDOWS\System32\shlwapi.dll
0x00007ffc55130000 - 0x00007ffc5514f000 	C:\WINDOWS\SYSTEM32\profapi.dll
0x00007ffc3be50000 - 0x00007ffc3be69000 	C:\Program Files\JetBrains\IntelliJ IDEA Community Edition 2022.2.3\jbr\bin\net.dll
0x00007ffc49e60000 - 0x00007ffc49f69000 	C:\WINDOWS\SYSTEM32\WINHTTP.dll
0x00007ffc54940000 - 0x00007ffc549aa000 	C:\WINDOWS\system32\mswsock.dll
0x00007ffc3b2e0000 - 0x00007ffc3b2f6000 	C:\Program Files\JetBrains\IntelliJ IDEA Community Edition 2022.2.3\jbr\bin\nio.dll
0x00007ffc3dc10000 - 0x00007ffc3dc20000 	C:\Program Files\JetBrains\IntelliJ IDEA Community Edition 2022.2.3\jbr\bin\verify.dll

dbghelp: loaded successfully - version: 4.0.5 - missing functions: none
symbol engine: initialized successfully - sym options: 0x614 - pdb path: .;C:\Program Files\JetBrains\IntelliJ IDEA Community Edition 2022.2.3\jbr\bin;C:\WINDOWS\SYSTEM32;C:\WINDOWS\WinSxS\amd64_microsoft.windows.common-controls_6595b64144ccf1df_6.0.19041.1110_none_60b5254171f9507e;C:\Program Files\JetBrains\IntelliJ IDEA Community Edition 2022.2.3\jbr\bin\server

VM Arguments:
java_command: git4idea.http.GitAskPassApp Username for 'https://github.com': 
java_class_path (initial): C:/Program Files/JetBrains/IntelliJ IDEA Community Edition 2022.2.3/plugins/git4idea/lib/git4idea-rt.jar;C:/Program Files/JetBrains/IntelliJ IDEA Community Edition 2022.2.3/lib/externalProcess-rt.jar;C:/Program Files/JetBrains/IntelliJ IDEA Community Edition 2022.2.3/lib/app.jar;C:/Program Files/JetBrains/IntelliJ IDEA Community Edition 2022.2.3/lib/3rd-party-rt.jar
Launcher Type: SUN_STANDARD

[Global flags]
     intx CICompilerCount                          = 3                                         {product} {ergonomic}
     uint ConcGCThreads                            = 1                                         {product} {ergonomic}
     uint G1ConcRefinementThreads                  = 4                                         {product} {ergonomic}
   size_t G1HeapRegionSize                         = 1048576                                   {product} {ergonomic}
    uintx GCDrainStackTargetSize                   = 64                                        {product} {ergonomic}
   size_t InitialHeapSize                          = 67108864                                  {product} {ergonomic}
   size_t MarkStackSize                            = 4194304                                   {product} {ergonomic}
   size_t MaxHeapSize                              = 1044381696                                {product} {ergonomic}
   size_t MaxNewSize                               = 625999872                                 {product} {ergonomic}
   size_t MinHeapDeltaBytes                        = 1048576                                   {product} {ergonomic}
   size_t MinHeapSize                              = 8388608                                   {product} {ergonomic}
    uintx NonNMethodCodeHeapSize                   = 5832780                                {pd product} {ergonomic}
    uintx NonProfiledCodeHeapSize                  = 122912730                              {pd product} {ergonomic}
    uintx ProfiledCodeHeapSize                     = 122912730                              {pd product} {ergonomic}
    uintx ReservedCodeCacheSize                    = 251658240                              {pd product} {ergonomic}
     bool SegmentedCodeCache                       = true                                      {product} {ergonomic}
   size_t SoftMaxHeapSize                          = 1044381696                             {manageable} {ergonomic}
     bool UseCompressedClassPointers               = true                           {product lp64_product} {ergonomic}
     bool UseCompressedOops                        = true                           {product lp64_product} {ergonomic}
     bool UseG1GC                                  = true                                      {product} {ergonomic}
     bool UseLargePagesIndividualAllocation        = false                                  {pd product} {ergonomic}

Logging:
Log output configuration:
 #0: stdout all=warning uptime,level,tags
 #1: stderr all=off uptime,level,tags

Environment Variables:
JAVA_HOME=C:\Program Files\Java\microsoft-jdk-17.0.4.1-windows-x64\jdk-17.0.4.1+1
PATH=C:\Program Files\Git\mingw64\libexec\git-core;C:\Program Files\Git\mingw64\libexec\git-core;C:\Program Files\Git\mingw64\bin;C:\Program Files\Git\usr\bin;C:\Users\Илья\bin;C:\ProgramData\Oracle\Java\javapath;C:\Windows\system32;C:\Windows;C:\Windows\System32\Wbem;C:\Windows\System32\WindowsPowerShell\v1.0;C:\Windows\System32\OpenSSH;C:\Program Files\NVIDIA Corporation\NVIDIA NvDLISR;C:\Program Files (x86)\NVIDIA Corporation\PhysX\Common;C:\WINDOWS\system32;C:\WINDOWS;C:\WINDOWS\System32\Wbem;C:\WINDOWS\System32\WindowsPowerShell\v1.0;C:\WINDOWS\System32\OpenSSH;C:\Program Files\Git\cmd;C:\Program Files\Java\microsoft-jdk-17.0.4.1-windows-x64\jdk-17.0.4.1+1\bin;C:\Program Files\apache-maven-3.8.6\bin;C:\Users\Илья\AppData\Local\Microsoft\WindowsApps;C:\Program Files\JetBrains\IntelliJ IDEA 2022.2.3\bin
USERNAME=Илья
DISPLAY=:0.0
LC_ALL=en_US.UTF-8
TERM=xterm-256color
TMPDIR=C:\Users\75BD~1\AppData\Local\Temp
OS=Windows_NT
PROCESSOR_IDENTIFIER=Intel64 Family 6 Model 58 Stepping 9, GenuineIntel
TMP=C:\Users\75BD~1\AppData\Local\Temp
TEMP=C:\Users\75BD~1\AppData\Local\Temp



---------------  S Y S T E M  ---------------

OS:
 Windows 10 , 64 bit Build 19041 (10.0.19041.1566)
OS uptime: 0 days 2:40 hours

CPU: total 4 (initial active 4) (2 cores per cpu, 2 threads per core) family 6 model 58 stepping 9 microcode 0x21, cx8, cmov, fxsr, ht, mmx, sse, sse2, sse3, ssse3, sse4.1, sse4.2, popcnt, tsc, tscinvbit, avx, erms, clmul, vzeroupper, clflush

Memory: 4k page, system-wide physical 3976M (301M free)
TotalPageFile size 6024M (AvailPageFile size 1M)
current process WorkingSet (physical memory assigned to process): 43M, peak: 43M
current process commit charge ("private bytes"): 130M, peak: 130M

vm_info: OpenJDK 64-Bit Server VM (17.0.4.1+7-b469.62) for windows-amd64 JRE (17.0.4.1+7-b469.62), built on 2022-09-22 by "builduser" with MS VC++ 16.10 / 16.11 (VS2019)

END.
